1*****************************************************************************
 *                                                                           *
 *       DATE  8/28/18               LOG OF 95 INTEL LINUX NASTRAN JOB       *
 *                                                                           *
 *****************************************************************************

   WALL               TOTAL       INCREMENTAL      MODULE              MODULE/
   CLOCK               CPU            CPU            CPU             SUBROUTINE
   TIME              SECONDS        SECONDS        SECONDS             STATUS

 ------------------------------------------------------------------------------

 16:40:31.322         0.000          0.000                    SEM1  BEGN
 16:40:31.338         0.000          0.000                    GNFI
 16:40:31.338         0.000          0.000                    TTIO
 16:40:31.338         0.000          0.000                    TTLP
 16:40:31.338         0.000          0.000                    XCSA
 ID,CRM Wing Statics                                                     
 16:40:31.353         0.000          0.000                    IFP1
 TITLE = CRM_Wing Full Model Static Analyses For Extraction              
 16:40:31.353         0.000          0.000                    XSOR
 16:40:31.385         0.000          0.000                    IFP   BEGN
 16:40:31.385         0.000          0.000                    IFP   END 
 16:40:31.385         0.000          0.000                    XGPI
 16:40:31.385         0.000          0.000                    BAND  IT  BEGN
 16:40:32.055         0.109          0.000                    BAND  IT  END 
 16:40:32.055         0.109          0.000                    SEM1  END 
 16:40:32.055         0.109          0.000                       4  SETVAL    BEGN
 16:40:32.055         0.109          0.000          0.000        4  SETVAL    END 
 16:40:32.055         0.109          0.000                       5  PARAM     BEGN
 16:40:32.055         0.109          0.000          0.000        5  PARAM     END 
 16:40:32.055         0.109          0.000                    XSFA      BEGN
 16:40:32.055         0.109          0.000                    XSFA      END 
 16:40:32.055         0.109          0.000                      11  GP1       BEGN
 16:40:32.368         0.109          0.000          0.000       11  GP1       END 
 16:40:32.368         0.109          0.000                      12  ANISOP    BEGN
 16:40:32.368         0.109          0.000          0.000       12  ANISOP    END 
 16:40:32.368         0.109          0.000                      13  EQUIV     BEGN
 16:40:32.368         0.109          0.000          0.000       13  EQUIV     END 
 16:40:32.368         0.109          0.000                      14  PLTTRAN   BEGN
 16:40:32.368         0.109          0.000          0.000       14  PLTTRAN   END 
 16:40:32.368         0.109          0.000                      15  GP2       BEGN
 16:40:32.368         0.109          0.000          0.000       15  GP2       END 
 16:40:32.368         0.109          0.000                      16  PARAML    BEGN
 16:40:32.368         0.109          0.000          0.000       16  PARAML    END 
 16:40:32.368         0.109          0.000                      17  PURGE     BEGN
 16:40:32.368         0.109          0.000          0.000       17  PURGE     END 
 16:40:32.368         0.109          0.000                      18  COND      BEGN
 16:40:32.368         0.109          0.000          0.000       18  COND      END 
 16:40:32.368         0.109          0.000                      27  GP3       BEGN
 16:40:32.368         0.109          0.000          0.000       27  GP3       END 
 16:40:32.368         0.109          0.000                      28  PARAM     BEGN
 16:40:32.368         0.109          0.000          0.000       28  PARAM     END 
 16:40:32.368         0.109          0.000                      29  TA1       BEGN
 16:40:32.368         0.109          0.000          0.000       29  TA1       END 
 16:40:32.368         0.109          0.000                      30  EQUIV     BEGN
 16:40:32.368         0.109          0.000          0.000       30  EQUIV     END 
 16:40:32.368         0.109          0.000                      31  PARAM     BEGN
 16:40:32.368         0.109          0.000          0.000       31  PARAM     END 
 16:40:32.368         0.109          0.000                      32  COND      BEGN
 16:40:32.368         0.109          0.000          0.000       32  COND      END 
 16:40:32.368         0.109          0.000                      33  PURGE     BEGN
 16:40:32.368         0.109          0.000          0.000       33  PURGE     END 
 16:40:32.368         0.109          0.000                      34  OPTPR1    BEGN
 16:40:32.368         0.109          0.000          0.000       34  OPTPR1    END 
 16:40:32.368         0.109          0.000                      36  COND      BEGN
 16:40:32.368         0.109          0.000          0.000       36  COND      END 
 16:40:32.368         0.109          0.000                      37  PARAM     BEGN
 16:40:32.368         0.109          0.000          0.000       37  PARAM     END 
 16:40:32.368         0.109          0.000                      38  EQUIV     BEGN
 16:40:32.368         0.109          0.000          0.000       38  EQUIV     END 
 16:40:32.368         0.109          0.000                      39  EMG       BEGN
 16:40:32.992         0.109          0.000          0.000       39  EMG       END 
 16:40:32.992         0.109          0.000                      40  COND      BEGN
 16:40:32.992         0.109          0.000          0.000       40  COND      END 
 16:40:32.992         0.109          0.000                      41  EMA       BEGN
 16:40:33.055         0.109          0.000          0.000       41  EMA       END 
 16:40:33.055         0.109          0.000                      43  PURGE     BEGN
 16:40:33.055         0.109          0.000          0.000       43  PURGE     END 
 16:40:33.055         0.109          0.000                      44  COND      BEGN
 16:40:33.055         0.109          0.000          0.000       44  COND      END 
 16:40:33.055         0.109          0.000                      48  COND      BEGN
 16:40:33.055         0.109          0.000          0.000       48  COND      END 
 16:40:33.055         0.109          0.000                      53  EQUIV     BEGN
 16:40:33.055         0.109          0.000          0.000       53  EQUIV     END 
 16:40:33.055         0.109          0.000                      54  COND      BEGN
 16:40:33.055         0.109          0.000          0.000       54  COND      END 
 16:40:33.055         0.109          0.000                    XSFA      BEGN
 16:40:33.055         0.109          0.000                    XSFA      END 
 16:40:33.055         0.109          0.000                      57  GPSTGEN   BEGN
 16:40:33.055         0.109          0.000          0.000       57  GPSTGEN   END 
 16:40:33.055         0.109          0.000                      58  PARAM     BEGN
 16:40:33.055         0.109          0.000          0.000       58  PARAM     END 
 16:40:33.055         0.109          0.000                      60  GP4       BEGN
 16:40:33.055         0.109          0.000          0.000       60  GP4       END 
 16:40:33.055         0.109          0.000                      61  OFP       BEGN
 16:40:33.071         0.109          0.000          0.000       61  OFP       END 
 16:40:33.071         0.109          0.000                      62  COND      BEGN
 16:40:33.071         0.109          0.000          0.000       62  COND      END 
 16:40:33.071         0.109          0.000                      63  PARAM     BEGN
 16:40:33.071         0.109          0.000          0.000       63  PARAM     END 
 16:40:33.071         0.109          0.000                      64  PURGE     BEGN
 16:40:33.071         0.109          0.000          0.000       64  PURGE     END 
 16:40:33.071         0.109          0.000                      65  EQUIV     BEGN
 16:40:33.071         0.109          0.000          0.000       65  EQUIV     END 
 16:40:33.071         0.109          0.000                      66  COND      BEGN
 16:40:33.071         0.109          0.000          0.000       66  COND      END 
 16:40:33.071         0.109          0.000                      67  MCE1      BEGN
 16:40:33.071         0.109          0.000          0.000       67  MCE1      END 
 16:40:33.071         0.109          0.000                      68  MCE2      BEGN
 16:40:33.086         0.109          0.000                    MMA       BEGN
 16:40:33.086         0.109          0.000                    MMA3  1   BEGN
 16:40:33.102         0.109          0.000                    MMA3  1   END 
   METHOD USED = 31NT  ACTUAL NUMBER OF PASSES =   1
 16:40:33.102         0.109          0.000                    MMA       END 
 16:40:33.102         0.109          0.000                    MMA       BEGN
 16:40:33.102         0.109          0.000                    MMA3  2   BEGN
 16:40:33.133         0.109          0.000                    MMA3  2   END 
   METHOD USED = 32T   ACTUAL NUMBER OF PASSES =   1
 16:40:33.133         0.109          0.000                    MMA       END 
 16:40:33.133         0.109          0.000                    MMA       BEGN
 16:40:33.133         0.109          0.000                    MMA3  2   BEGN
 16:40:33.369         0.109          0.000                    MMA3  2   END 
   METHOD USED = 32T   ACTUAL NUMBER OF PASSES =   1
 16:40:33.369         0.109          0.000                    MMA       END 
 16:40:33.369         0.109          0.000          0.000       68  MCE2      END 
 16:40:33.369         0.109          0.000                      70  EQUIV     BEGN
 16:40:33.369         0.109          0.000          0.000       70  EQUIV     END 
 16:40:33.369         0.109          0.000                      71  COND      BEGN
 16:40:33.369         0.109          0.000          0.000       71  COND      END 
 16:40:33.369         0.109          0.000                      72  SCE1      BEGN
 16:40:33.385         0.109          0.000          0.000       72  SCE1      END 
 16:40:33.385         0.109          0.000                      74  EQUIV     BEGN
 16:40:33.385         0.109          0.000          0.000       74  EQUIV     END 
 16:40:33.385         0.109          0.000                      75  COND      BEGN
 16:40:33.385         0.109          0.000          0.000       75  COND      END 
 16:40:33.385         0.109          0.000                      78  EQUIV     BEGN
 16:40:33.385         0.109          0.000          0.000       78  EQUIV     END 
 16:40:33.385         0.109          0.000                      79  COND      BEGN
 16:40:33.385         0.109          0.000          0.000       79  COND      END 
 16:40:33.385         0.109          0.000                      82  RBMG2     BEGN
 16:40:33.385         0.109          0.000                    SMCO  MP  BEGN          
 16:40:33.697         0.109          0.000                    SMCO  MP  END           
 16:40:33.697         0.109          0.000          0.000       82  RBMG2     END 
 16:40:33.697         0.109          0.000                      83  COND      BEGN
 16:40:33.697         0.109          0.000          0.000       83  COND      END 
 16:40:33.697         0.109          0.000                      86  SSG1      BEGN
 16:40:33.993         0.109          0.000          0.000       86  SSG1      END 
 16:40:33.993         0.109          0.000                      87  EQUIV     BEGN
 16:40:33.993         0.109          0.000          0.000       87  EQUIV     END 
 16:40:33.993         0.109          0.000                      88  COND      BEGN
 16:40:33.993         0.109          0.000          0.000       88  COND      END 
 16:40:33.993         0.109          0.000                      89  SSG2      BEGN
 16:40:33.993         0.109          0.000                    MMA       BEGN
       MMA - NULL MATRIX PRODUCT
 16:40:33.993         0.109          0.000                    MMA       END 
 16:40:33.993         0.109          0.000                    MMA       BEGN
       MMA - NULL MATRIX PRODUCT
 16:40:33.993         0.109          0.000                    MMA       END 
 16:40:33.993         0.109          0.000          0.000       89  SSG2      END 
 16:40:33.993         0.109          0.000                      91  SSG3      BEGN
 16:40:33.993         0.109          0.000                    FBSI  BEGN
 16:40:33.993         0.109          0.000                    FBS2  BEGN
 16:40:34.261         0.109          0.000                    FBS2  END 
 16:40:34.261         0.109          0.000                    FBSI  END 
 16:40:34.261         0.109          0.000                    MMA       BEGN
 16:40:34.261         0.109          0.000                    MMA2  1   BEGN
 16:40:34.417         0.109          0.000                    MMA2  1   END 
   METHOD USED = 21NT  ACTUAL NUMBER OF PASSES =   1
 16:40:34.417         0.109          0.000                    MMA       END 
 16:40:34.417         0.109          0.000          0.000       91  SSG3      END 
 16:40:34.433         0.109          0.000                      92  COND      BEGN
 16:40:34.433         0.109          0.000          0.000       92  COND      END 
 16:40:34.433         0.109          0.000                      96  SDR1      BEGN
 16:40:34.449         0.109          0.000                    MMA       BEGN
 16:40:34.449         0.109          0.000                    MMA2  1   BEGN
 16:40:34.449         0.109          0.000                    MMA2  1   END 
   METHOD USED = 21T   ACTUAL NUMBER OF PASSES =   1
 16:40:34.449         0.109          0.000                    MMA       END 
 16:40:34.464         0.109          0.000                    MMA       BEGN
 16:40:34.464         0.109          0.000                    MMA2  1   BEGN
 16:40:34.480         0.109          0.000                    MMA2  1   END 
   METHOD USED = 21NT  ACTUAL NUMBER OF PASSES =   1
 16:40:34.480         0.109          0.000                    MMA       END 
 16:40:34.511         0.109          0.000          0.000       96  SDR1      END 
 16:40:34.511         0.109          0.000                      97  COND      BEGN
 16:40:34.511         0.109          0.000          0.000       97  COND      END 
 16:40:34.511         0.109          0.000                    XSFA      BEGN
 16:40:34.511         0.109          0.000                    XSFA      END 
 16:40:34.511         0.109          0.000                     103  GPFDR     BEGN
 16:40:34.511         0.109          0.000          0.000      103  GPFDR     END 
 16:40:34.511         0.109          0.000                     104  PURGE     BEGN
 16:40:34.511         0.109          0.000          0.000      104  PURGE     END 
 16:40:34.511         0.109          0.000                     105  OFP       BEGN
 16:40:34.511         0.109          0.000          0.000      105  OFP       END 
 16:40:34.511         0.109          0.000                     106  COND      BEGN
 16:40:34.511         0.109          0.000          0.000      106  COND      END 
 16:40:34.511         0.109          0.000                     110  SDR2      BEGN
 16:40:34.527         0.109          0.000          0.000      110  SDR2      END 
 16:40:34.527         0.109          0.000                     111  COND      BEGN
 16:40:34.527         0.109          0.000          0.000      111  COND      END 
 16:40:34.527         0.109          0.000                     114  PURGE     BEGN
 16:40:34.527         0.109          0.000          0.000      114  PURGE     END 
 16:40:34.527         0.109          0.000                     115  COND      BEGN
 16:40:34.527         0.109          0.000          0.000      115  COND      END 
 16:40:34.527         0.109          0.000                     120  PURGE     BEGN
 16:40:34.527         0.109          0.000          0.000      120  PURGE     END 
 16:40:34.527         0.109          0.000                     121  COND      BEGN
 16:40:34.527         0.109          0.000          0.000      121  COND      END 
 16:40:34.527         0.109          0.000                     140  PURGE     BEGN
 16:40:34.527         0.109          0.000          0.000      140  PURGE     END 
 16:40:34.527         0.109          0.000                     141  COND      BEGN
 16:40:34.527         0.109          0.000          0.000      141  COND      END 
 16:40:34.527         0.109          0.000                     146  OFP       BEGN
 16:40:34.620         0.109          0.000          0.000      146  OFP       END 
 16:40:34.620         0.109          0.000                     147  OFP       BEGN
 16:40:34.620         0.109          0.000          0.000      147  OFP       END 
 16:40:34.620         0.109          0.000                    XSFA      BEGN
 16:40:34.620         0.109          0.000                    XSFA      END 
 16:40:34.620         0.109          0.000                     148  SCAN      BEGN
 16:40:34.620         0.109          0.000          0.000      148  SCAN      END 
 16:40:34.620         0.109          0.000                     149  OFP       BEGN
 16:40:34.620         0.109          0.000          0.000      149  OFP       END 
 16:40:34.620         0.109          0.000                     150  OFP       BEGN
 16:40:34.620         0.109          0.000          0.000      150  OFP       END 
 16:40:34.620         0.109          0.000                     152  COND      BEGN
 16:40:34.620         0.109          0.000          0.000      152  COND      END 
 16:40:34.620         0.109          0.000                     157  COND      BEGN
 16:40:34.620         0.109          0.000          0.000      157  COND      END 
 16:40:34.620         0.109          0.000                     171  PURGE     BEGN
 16:40:34.620         0.109          0.000          0.000      171  PURGE     END 
 16:40:34.620         0.109          0.000                     228  EXIT      BEGN
1     STATISTICS ON IN-MEMORY DATA BASE AND DISK I/O USAGE

         LENGTH (IN WORDS) OF OPEN CORE ALLOCATED                 160000000
         LENGTH (IN WORDS) OF IN-MEMORY DATA BASE ALLOCATED       240000000
         NUMBER OF BLOCKS USED IN THE IN-MEMORY DATA BASE             12232
         NUMBER OF BLOCKS ALLOCATED FOR THE IN-MEMORY DATA           233236
         PERCENTAGE OF IN-MEMORY DATA USED                                5%
         TOTAL BLOCKS WRITTEN TO DISK                              60000000
         BLOCK SIZE (IN WORDS)                                         1024
         NUMBER OF OPENS TO DISK FILES                                    6
         NUMBER OF CLOSES TO DISK FILES                                   6
         NUMBER OF WRITES TO DISK FILES                                  95
         NUMBER OF READS FROM DISK FILES                                 96
         MEMORY (IN WORDS) NOT USED BY IN-MEM. DATA BASE          228297132
