\BOOKMARK [0][]{chapter*.3}{List of Figures}{}% 1
\BOOKMARK [0][]{chapter.1}{Introduction to Aerostructural Optimization }{}% 2
\BOOKMARK [1][]{section.1.1}{Multidisciplinary Design Optimization MDO}{chapter.1}% 3
\BOOKMARK [2][]{subsection.1.1.1}{Optimization Methods}{section.1.1}% 4
\BOOKMARK [2][]{subsection.1.1.2}{Sensitivity Analysis}{section.1.1}% 5
\BOOKMARK [1][]{section.1.2}{Aeroelasticity}{chapter.1}% 6
\BOOKMARK [2][]{subsection.1.2.1}{Static aeroelasticity}{section.1.2}% 7
\BOOKMARK [0][]{chapter.2}{Source Code Description}{}% 8
\BOOKMARK [1][]{section.2.1}{Structure of the Code}{chapter.2}% 9
\BOOKMARK [1][]{section.2.2}{Component}{chapter.2}% 10
\BOOKMARK [2][]{subsection.2.2.1}{Geometry }{section.2.2}% 11
\BOOKMARK [2][]{subsection.2.2.2}{Raidial Basis Functions}{section.2.2}% 12
\BOOKMARK [2][]{subsection.2.2.3}{Aerodynamics}{section.2.2}% 13
\BOOKMARK [2][]{subsection.2.2.4}{Structure}{section.2.2}% 14
\BOOKMARK [2][]{subsection.2.2.5}{Load and Displacements Transfer}{section.2.2}% 15
\BOOKMARK [1][]{section.2.3}{Driver}{chapter.2}% 16
\BOOKMARK [2][]{subsection.2.3.1}{Global Optimizer}{section.2.3}% 17
\BOOKMARK [2][]{subsection.2.3.2}{MDA Driver}{section.2.3}% 18
\BOOKMARK [0][]{chapter.3}{Constraint Aggregation}{}% 19
\BOOKMARK [1][]{section.3.1}{Aggregation}{chapter.3}% 20
\BOOKMARK [2][]{subsection.3.1.1}{Aggregation Method}{section.3.1}% 21
\BOOKMARK [1][]{section.3.2}{Aggregation Functions}{chapter.3}% 22
\BOOKMARK [2][]{subsection.3.2.1}{Function}{section.3.2}% 23
\BOOKMARK [2][]{subsection.3.2.2}{Effects of the Aggregation Parameter P}{section.3.2}% 24
\BOOKMARK [1][]{section.3.3}{Aggregation Component}{chapter.3}% 25
\BOOKMARK [0][]{chapter.4}{Reduced Model for MDA Loop}{}% 26
\BOOKMARK [1][]{section.4.1}{Introduction to the Reduced Model}{chapter.4}% 27
\BOOKMARK [2][]{subsection.4.1.1}{Approach for the Reduced Model}{section.4.1}% 28
\BOOKMARK [1][]{section.4.2}{Structure of the Code}{chapter.4}% 29
\BOOKMARK [2][]{subsection.4.2.1}{Creation of the FEM model}{section.4.2}% 30
\BOOKMARK [2][]{subsection.4.2.2}{Extraction of Stiffness and Inertia Properties}{section.4.2}% 31
\BOOKMARK [1][]{section.4.3}{Validation of the Stick Model}{chapter.4}% 32
\BOOKMARK [2][]{subsection.4.3.1}{Comparison of the Static Response}{section.4.3}% 33
\BOOKMARK [2][]{subsection.4.3.2}{Comparison of the Modal Properties}{section.4.3}% 34
\BOOKMARK [1][]{section.4.4}{Modification and Results}{chapter.4}% 35
\BOOKMARK [2][]{subsection.4.4.1}{New Mass Distribution}{section.4.4}% 36
\BOOKMARK [2][]{subsection.4.4.2}{Automatization of the Mode Pairing }{section.4.4}% 37
\BOOKMARK [1][]{section.4.5}{Results}{chapter.4}% 38
\BOOKMARK [0][]{chapter.5}{Test Cases}{}% 39
\BOOKMARK [1][]{section.5.1}{Goland Wing}{chapter.5}% 40
\BOOKMARK [1][]{section.5.2}{CRM wing}{chapter.5}% 41
\BOOKMARK [1][]{section.5.3}{CRM Wing Simple Model}{chapter.5}% 42
\BOOKMARK [1][]{section.5.4}{Different Options for the Optimization}{chapter.5}% 43
\BOOKMARK [1][]{section.5.5}{Problems}{chapter.5}% 44
\BOOKMARK [2][]{subsection.5.5.1}{Cobyla Design Variables Limits}{section.5.5}% 45
\BOOKMARK [2][]{subsection.5.5.2}{Finite Difference Gradient Evaluation Error }{section.5.5}% 46
\BOOKMARK [2][]{subsection.5.5.3}{Nastran Output File Reader}{section.5.5}% 47
\BOOKMARK [0][]{chapter.6}{Results}{}% 48
\BOOKMARK [1][]{section.6.1}{Reader code}{chapter.6}% 49
\BOOKMARK [1][]{section.6.2}{Test Cases Results}{chapter.6}% 50
\BOOKMARK [2][]{subsection.6.2.1}{Case 1}{section.6.2}% 51
\BOOKMARK [2][]{subsection.6.2.2}{Case 2}{section.6.2}% 52
\BOOKMARK [2][]{subsection.6.2.3}{Case 3 and 4}{section.6.2}% 53
\BOOKMARK [2][]{subsection.6.2.4}{Case 5}{section.6.2}% 54
\BOOKMARK [0][]{section*.87}{Appendix Appendices}{}% 55
\BOOKMARK [0][]{Appendix.1.A}{Appendix Python Codes}{}% 56
\BOOKMARK [1][]{section.1.A.1}{CRM Wing Optimization Test Case 1}{Appendix.1.A}% 57
\BOOKMARK [1][]{section.1.A.2}{Python Script to Access Results}{Appendix.1.A}% 58
\BOOKMARK [0][]{lstnumber.-2.136}{Bibliography}{}% 59
